<?xml version="1.0" encoding="UTF-8"?>
<!-- Generated by org.testng.reporters.JUnitXMLReporter -->
<testsuite ignored="2" hostname="DESKTOP-3APH7UC" failures="0" tests="5" name="Car Loan" time="0.262" errors="0" timestamp="2023-11-08T13:10:57 IST">
  <testcase classname="Test.day3" name="MobileLoginCarloan" time="0.005"/>
  <testcase classname="Test.day3" name="MobileSignoutCarloan" time="0.031"/>
  <testcase classname="Test.day3" name="MobileSignoutCarloan" time="0.005"/>
  <testcase classname="Test.day3" name="MobileSignoutCarloan" time="0.009"/>
  <testcase classname="Test.day3" name="WebLoginCarloan" time="0.009"/>
  <testcase classname="Test.day3" name="MobileSigninCarloan" time="0.0">
    <ignored/>
  </testcase> <!-- MobileSigninCarloan -->
  <testcase classname="Test.day3" name="APILoginCarloan" time="0.0">
    <ignored/>
  </testcase> <!-- APILoginCarloan -->
</testsuite> <!-- Car Loan -->
