<?xml version="1.0" encoding="UTF-8"?>
<!-- Generated by org.testng.reporters.JUnitXMLReporter -->
<testsuite ignored="3" hostname="DESKTOP-3APH7UC" failures="0" tests="8" name="Regression" time="0.179" errors="0" timestamp="2023-11-06T16:09:12 IST">
  <testcase classname="Test.day1" name="Demo" time="0.012"/>
  <testcase classname="Test.day1" name="SecondTest" time="0.003"/>
  <testcase classname="Test.day3" name="APILoginCarloan" time="0.005"/>
  <testcase classname="Test.day3" name="MobileSigninCarloan" time="0.012"/>
  <testcase classname="Test.day3" name="MobileSignoutCarloan" time="0.001"/>
  <testcase classname="Test.day3" name="WebLoginCarloan" time="0.003"/>
  <testcase classname="Test.day4" name="APILoginHomeloan" time="0.002"/>
  <testcase classname="Test.day4" name="WebLoginHomeloan" time="0.002"/>
  <testcase classname="Test.day2" name="ploan" time="0.0">
    <ignored/>
  </testcase> <!-- ploan -->
  <testcase classname="Test.day4" name="MobileLoginHomeloan" time="0.0">
    <ignored/>
  </testcase> <!-- MobileLoginHomeloan -->
  <testcase classname="Test.day3" name="MobileLoginCarloan" time="0.0">
    <ignored/>
  </testcase> <!-- MobileLoginCarloan -->
</testsuite> <!-- Regression -->
