<?xml version="1.0" encoding="UTF-8"?>
<testng-results ignored="0" total="2" passed="2" failed="0" skipped="0">
  <reporter-output>
  </reporter-output>
  <suite started-at="2023-11-09T15:57:19 IST" name="Default suite" finished-at="2023-11-09T15:57:20 IST" duration-ms="95">
    <groups>
    </groups>
    <test started-at="2023-11-09T15:57:19 IST" name="Default test" finished-at="2023-11-09T15:57:20 IST" duration-ms="95">
      <class name="Test.day1">
        <test-method signature="Demo()[pri:0, instance:Test.day1@4b741d6d]" started-at="2023-11-09T15:57:20 IST" name="Demo" finished-at="2023-11-09T15:57:20 IST" duration-ms="16" status="PASS">
          <reporter-output>
          </reporter-output>
        </test-method> <!-- Demo -->
        <test-method signature="SecondTest()[pri:0, instance:Test.day1@4b741d6d]" started-at="2023-11-09T15:57:20 IST" name="SecondTest" finished-at="2023-11-09T15:57:20 IST" duration-ms="4" status="PASS">
          <reporter-output>
          </reporter-output>
        </test-method> <!-- SecondTest -->
        <test-method is-config="true" signature="lastexecution()[pri:0, instance:Test.day1@4b741d6d]" started-at="2023-11-09T15:57:20 IST" name="lastexecution" finished-at="2023-11-09T15:57:20 IST" duration-ms="9" status="PASS">
          <reporter-output>
          </reporter-output>
        </test-method> <!-- lastexecution -->
        <test-method is-config="true" signature="Afsuite()[pri:0, instance:Test.day1@4b741d6d]" started-at="2023-11-09T15:57:20 IST" name="Afsuite" finished-at="2023-11-09T15:57:20 IST" duration-ms="1" status="PASS">
          <reporter-output>
          </reporter-output>
        </test-method> <!-- Afsuite -->
      </class> <!-- Test.day1 -->
    </test> <!-- Default test -->
  </suite> <!-- Default suite -->
</testng-results>
